Build started 22-05-2014 13:28:45.
     1>Project "C:\Users\Pradeep K\documents\visual studio 2010\Projects\Rubik's Cube\Rubik's Cube\Rubik's Cube.vcxproj" on node 2 (build target(s)).
     1>InitializeBuildStatus:
         Creating "Debug\Rubik's Cube.unsuccessfulbuild" because "AlwaysCreate" was specified.
       ClCompile:
         All outputs are up-to-date.
         C:\Program Files (x86)\Microsoft Visual Studio 10.0\VC\bin\CL.exe /c /ZI /nologo /W3 /WX- /Od /Oy- /D WIN32 /D _DEBUG /D _CONSOLE /D _UNICODE /D UNICODE /Gm /EHsc /RTC1 /MDd /GS /fp:precise /Zc:wchar_t /Zc:forScope /Yu"StdAfx.h" /Fp"Debug\Rubik's Cube.pch" /Fo"Debug\\" /Fd"Debug\vc100.pdb" /Gd /TP /analyze- /errorReport:prompt "Rubik's Cube.cpp"
         Rubik's Cube.cpp
       ManifestResourceCompile:
         All outputs are up-to-date.
       Link:
         C:\Program Files (x86)\Microsoft Visual Studio 10.0\VC\bin\link.exe /ERRORREPORT:PROMPT /OUT:"C:\Users\Pradeep K\documents\visual studio 2010\Projects\Rubik's Cube\Debug\Rubik's Cube.exe" /INCREMENTAL /NOLOGO kernel32.lib user32.lib gdi32.lib winspool.lib comdlg32.lib advapi32.lib shell32.lib ole32.lib oleaut32.lib uuid.lib odbc32.lib odbccp32.lib /MANIFEST /ManifestFile:"Debug\Rubik's Cube.exe.intermediate.manifest" /MANIFESTUAC:"level='asInvoker' uiAccess='false'" /DEBUG /PDB:"C:\Users\Pradeep K\documents\visual studio 2010\Projects\Rubik's Cube\Debug\Rubik's Cube.pdb" /SUBSYSTEM:CONSOLE /TLBID:1 /DYNAMICBASE /NXCOMPAT /IMPLIB:"C:\Users\Pradeep K\documents\visual studio 2010\Projects\Rubik's Cube\Debug\Rubik's Cube.lib" /MACHINE:X86 "Debug\Rubik's Cube.exe.embed.manifest.res"
         "Debug\Rubik's Cube.obj"
         Debug\stdafx.obj
       Manifest:
         C:\Program Files (x86)\Microsoft SDKs\Windows\v7.0A\bin\mt.exe /nologo /verbose /out:"Debug\Rubik's Cube.exe.embed.manifest" /manifest "Debug\Rubik's Cube.exe.intermediate.manifest"
         All outputs are up-to-date.
       LinkEmbedManifest:
         All outputs are up-to-date.
         Rubik's Cube.vcxproj -> C:\Users\Pradeep K\documents\visual studio 2010\Projects\Rubik's Cube\Debug\Rubik's Cube.exe
       FinalizeBuildStatus:
         Deleting file "Debug\Rubik's Cube.unsuccessfulbuild".
         Touching "Debug\Rubik's Cube.lastbuildstate".
     1>Done Building Project "C:\Users\Pradeep K\documents\visual studio 2010\Projects\Rubik's Cube\Rubik's Cube\Rubik's Cube.vcxproj" (build target(s)).

Build succeeded.

Time Elapsed 00:00:03.45
