C:\USERS\PRADEEP K\DOCUMENTS\VISUAL STUDIO 2010\PROJECTS\RUBIK'S CUBE\DEBUG\RUBIK'S CUBE.EXE
C:\USERS\PRADEEP K\DOCUMENTS\VISUAL STUDIO 2010\PROJECTS\RUBIK'S CUBE\DEBUG\RUBIK'S CUBE.ILK
C:\USERS\PRADEEP K\DOCUMENTS\VISUAL STUDIO 2010\PROJECTS\RUBIK'S CUBE\DEBUG\RUBIK'S CUBE.PDB
C:\Users\Pradeep K\documents\visual studio 2010\Projects\Rubik's Cube\Rubik's Cube\Debug\cl.command.1.tlog
C:\Users\Pradeep K\documents\visual studio 2010\Projects\Rubik's Cube\Rubik's Cube\Debug\CL.read.1.tlog
C:\Users\Pradeep K\documents\visual studio 2010\Projects\Rubik's Cube\Rubik's Cube\Debug\CL.write.1.tlog
C:\Users\Pradeep K\documents\visual studio 2010\Projects\Rubik's Cube\Rubik's Cube\Debug\link.2904.read.1.tlog
C:\Users\Pradeep K\documents\visual studio 2010\Projects\Rubik's Cube\Rubik's Cube\Debug\link.2904.write.1.tlog
C:\Users\Pradeep K\documents\visual studio 2010\Projects\Rubik's Cube\Rubik's Cube\Debug\link.2904-cvtres.read.1.tlog
C:\Users\Pradeep K\documents\visual studio 2010\Projects\Rubik's Cube\Rubik's Cube\Debug\link.2904-cvtres.write.1.tlog
C:\Users\Pradeep K\documents\visual studio 2010\Projects\Rubik's Cube\Rubik's Cube\Debug\link.3164.read.1.tlog
C:\Users\Pradeep K\documents\visual studio 2010\Projects\Rubik's Cube\Rubik's Cube\Debug\link.3164.write.1.tlog
C:\Users\Pradeep K\documents\visual studio 2010\Projects\Rubik's Cube\Rubik's Cube\Debug\link.3164-cvtres.read.1.tlog
C:\Users\Pradeep K\documents\visual studio 2010\Projects\Rubik's Cube\Rubik's Cube\Debug\link.3164-cvtres.write.1.tlog
C:\Users\Pradeep K\documents\visual studio 2010\Projects\Rubik's Cube\Rubik's Cube\Debug\link.3816.read.1.tlog
C:\Users\Pradeep K\documents\visual studio 2010\Projects\Rubik's Cube\Rubik's Cube\Debug\link.3816.write.1.tlog
C:\Users\Pradeep K\documents\visual studio 2010\Projects\Rubik's Cube\Rubik's Cube\Debug\link.3816-cvtres.read.1.tlog
C:\Users\Pradeep K\documents\visual studio 2010\Projects\Rubik's Cube\Rubik's Cube\Debug\link.3816-cvtres.write.1.tlog
C:\Users\Pradeep K\documents\visual studio 2010\Projects\Rubik's Cube\Rubik's Cube\Debug\link.4364.read.1.tlog
C:\Users\Pradeep K\documents\visual studio 2010\Projects\Rubik's Cube\Rubik's Cube\Debug\link.4364.write.1.tlog
C:\Users\Pradeep K\documents\visual studio 2010\Projects\Rubik's Cube\Rubik's Cube\Debug\link.4364-cvtres.read.1.tlog
C:\Users\Pradeep K\documents\visual studio 2010\Projects\Rubik's Cube\Rubik's Cube\Debug\link.4364-cvtres.write.1.tlog
C:\Users\Pradeep K\documents\visual studio 2010\Projects\Rubik's Cube\Rubik's Cube\Debug\link.6272.read.1.tlog
C:\Users\Pradeep K\documents\visual studio 2010\Projects\Rubik's Cube\Rubik's Cube\Debug\link.6272.write.1.tlog
C:\Users\Pradeep K\documents\visual studio 2010\Projects\Rubik's Cube\Rubik's Cube\Debug\link.6272-cvtres.read.1.tlog
C:\Users\Pradeep K\documents\visual studio 2010\Projects\Rubik's Cube\Rubik's Cube\Debug\link.6272-cvtres.write.1.tlog
C:\Users\Pradeep K\documents\visual studio 2010\Projects\Rubik's Cube\Rubik's Cube\Debug\link.6320.read.1.tlog
C:\Users\Pradeep K\documents\visual studio 2010\Projects\Rubik's Cube\Rubik's Cube\Debug\link.6320.write.1.tlog
C:\Users\Pradeep K\documents\visual studio 2010\Projects\Rubik's Cube\Rubik's Cube\Debug\link.6320-cvtres.read.1.tlog
C:\Users\Pradeep K\documents\visual studio 2010\Projects\Rubik's Cube\Rubik's Cube\Debug\link.6320-cvtres.write.1.tlog
C:\Users\Pradeep K\documents\visual studio 2010\Projects\Rubik's Cube\Rubik's Cube\Debug\link.6344.read.1.tlog
C:\Users\Pradeep K\documents\visual studio 2010\Projects\Rubik's Cube\Rubik's Cube\Debug\link.6344.write.1.tlog
C:\Users\Pradeep K\documents\visual studio 2010\Projects\Rubik's Cube\Rubik's Cube\Debug\link.6344-cvtres.read.1.tlog
C:\Users\Pradeep K\documents\visual studio 2010\Projects\Rubik's Cube\Rubik's Cube\Debug\link.6344-cvtres.write.1.tlog
C:\Users\Pradeep K\documents\visual studio 2010\Projects\Rubik's Cube\Rubik's Cube\Debug\link.6584.read.1.tlog
C:\Users\Pradeep K\documents\visual studio 2010\Projects\Rubik's Cube\Rubik's Cube\Debug\link.6584.write.1.tlog
C:\Users\Pradeep K\documents\visual studio 2010\Projects\Rubik's Cube\Rubik's Cube\Debug\link.6584-cvtres.read.1.tlog
C:\Users\Pradeep K\documents\visual studio 2010\Projects\Rubik's Cube\Rubik's Cube\Debug\link.6584-cvtres.write.1.tlog
C:\Users\Pradeep K\documents\visual studio 2010\Projects\Rubik's Cube\Rubik's Cube\Debug\link.6924.read.1.tlog
C:\Users\Pradeep K\documents\visual studio 2010\Projects\Rubik's Cube\Rubik's Cube\Debug\link.6924.write.1.tlog
C:\Users\Pradeep K\documents\visual studio 2010\Projects\Rubik's Cube\Rubik's Cube\Debug\link.6924-cvtres.read.1.tlog
C:\Users\Pradeep K\documents\visual studio 2010\Projects\Rubik's Cube\Rubik's Cube\Debug\link.6924-cvtres.write.1.tlog
C:\Users\Pradeep K\documents\visual studio 2010\Projects\Rubik's Cube\Rubik's Cube\Debug\link.7252.read.1.tlog
C:\Users\Pradeep K\documents\visual studio 2010\Projects\Rubik's Cube\Rubik's Cube\Debug\link.7252.write.1.tlog
C:\Users\Pradeep K\documents\visual studio 2010\Projects\Rubik's Cube\Rubik's Cube\Debug\link.7252-cvtres.read.1.tlog
C:\Users\Pradeep K\documents\visual studio 2010\Projects\Rubik's Cube\Rubik's Cube\Debug\link.7252-cvtres.write.1.tlog
C:\Users\Pradeep K\documents\visual studio 2010\Projects\Rubik's Cube\Rubik's Cube\Debug\link.7800.read.1.tlog
C:\Users\Pradeep K\documents\visual studio 2010\Projects\Rubik's Cube\Rubik's Cube\Debug\link.7800.write.1.tlog
C:\Users\Pradeep K\documents\visual studio 2010\Projects\Rubik's Cube\Rubik's Cube\Debug\link.7800-cvtres.read.1.tlog
C:\Users\Pradeep K\documents\visual studio 2010\Projects\Rubik's Cube\Rubik's Cube\Debug\link.7800-cvtres.write.1.tlog
C:\Users\Pradeep K\documents\visual studio 2010\Projects\Rubik's Cube\Rubik's Cube\Debug\link.8160.read.1.tlog
C:\Users\Pradeep K\documents\visual studio 2010\Projects\Rubik's Cube\Rubik's Cube\Debug\link.8160.write.1.tlog
C:\Users\Pradeep K\documents\visual studio 2010\Projects\Rubik's Cube\Rubik's Cube\Debug\link.8160-cvtres.read.1.tlog
C:\Users\Pradeep K\documents\visual studio 2010\Projects\Rubik's Cube\Rubik's Cube\Debug\link.8160-cvtres.write.1.tlog
C:\Users\Pradeep K\documents\visual studio 2010\Projects\Rubik's Cube\Rubik's Cube\Debug\link.command.1.tlog
C:\Users\Pradeep K\documents\visual studio 2010\Projects\Rubik's Cube\Rubik's Cube\Debug\link.read.1.tlog
C:\Users\Pradeep K\documents\visual studio 2010\Projects\Rubik's Cube\Rubik's Cube\Debug\link.write.1.tlog
C:\Users\Pradeep K\documents\visual studio 2010\Projects\Rubik's Cube\Rubik's Cube\Debug\link-cvtres.read.1.tlog
C:\Users\Pradeep K\documents\visual studio 2010\Projects\Rubik's Cube\Rubik's Cube\Debug\link-cvtres.write.1.tlog
C:\Users\Pradeep K\documents\visual studio 2010\Projects\Rubik's Cube\Rubik's Cube\Debug\mt.command.1.tlog
C:\Users\Pradeep K\documents\visual studio 2010\Projects\Rubik's Cube\Rubik's Cube\Debug\mt.read.1.tlog
C:\Users\Pradeep K\documents\visual studio 2010\Projects\Rubik's Cube\Rubik's Cube\Debug\mt.write.1.tlog
C:\Users\Pradeep K\documents\visual studio 2010\Projects\Rubik's Cube\Rubik's Cube\Debug\rc.command.1.tlog
C:\Users\Pradeep K\documents\visual studio 2010\Projects\Rubik's Cube\Rubik's Cube\Debug\rc.read.1.tlog
C:\Users\Pradeep K\documents\visual studio 2010\Projects\Rubik's Cube\Rubik's Cube\Debug\rc.write.1.tlog
C:\USERS\PRADEEP K\DOCUMENTS\VISUAL STUDIO 2010\PROJECTS\RUBIK'S CUBE\RUBIK'S CUBE\DEBUG\RUBIK'S CUBE.EXE.EMBED.MANIFEST
C:\USERS\PRADEEP K\DOCUMENTS\VISUAL STUDIO 2010\PROJECTS\RUBIK'S CUBE\RUBIK'S CUBE\DEBUG\RUBIK'S CUBE.EXE.EMBED.MANIFEST.RES
C:\USERS\PRADEEP K\DOCUMENTS\VISUAL STUDIO 2010\PROJECTS\RUBIK'S CUBE\RUBIK'S CUBE\DEBUG\RUBIK'S CUBE.EXE.INTERMEDIATE.MANIFEST
C:\USERS\PRADEEP K\DOCUMENTS\VISUAL STUDIO 2010\PROJECTS\RUBIK'S CUBE\RUBIK'S CUBE\DEBUG\RUBIK'S CUBE.OBJ
C:\USERS\PRADEEP K\DOCUMENTS\VISUAL STUDIO 2010\PROJECTS\RUBIK'S CUBE\RUBIK'S CUBE\DEBUG\RUBIK'S CUBE.PCH
C:\Users\Pradeep K\documents\visual studio 2010\Projects\Rubik's Cube\Rubik's Cube\Debug\Rubik's Cube.vcxprojResolveAssemblyReference.cache
C:\Users\Pradeep K\documents\visual studio 2010\Projects\Rubik's Cube\Rubik's Cube\Debug\Rubik's Cube.write.1.tlog
C:\Users\Pradeep K\documents\visual studio 2010\Projects\Rubik's Cube\Rubik's Cube\Debug\Rubik's Cube_manifest.rc
C:\USERS\PRADEEP K\DOCUMENTS\VISUAL STUDIO 2010\PROJECTS\RUBIK'S CUBE\RUBIK'S CUBE\DEBUG\STDAFX.OBJ
C:\Users\Pradeep K\documents\visual studio 2010\Projects\Rubik's Cube\Rubik's Cube\Debug\vc100.idb
C:\USERS\PRADEEP K\DOCUMENTS\VISUAL STUDIO 2010\PROJECTS\RUBIK'S CUBE\RUBIK'S CUBE\DEBUG\VC100.PDB
